<?xml version="1.0" encoding="UTF-8" ?>
<testsuite errors="1" failures="0" hostname="snikhil-mbp13.telenav.com" name="com.telenavlogshed.collector.muxdemux.AllTests" tests="1" time="0.0" timestamp="2012-06-11T22:28:19">
  <properties>
[...]
</properties>
  <error message="com.telenavlogshed.collector.muxdemux.AllTests" type="java.lang.ClassNotFoundException">java.lang.ClassNotFoundException: com.telenavlogshed.collector.muxdemux.AllTests
	at java.lang.ClassLoader.loadClass(ClassLoader.java:247)
	at java.lang.Class.forName0(Native Method)
	at java.lang.Class.forName(Class.java:247)
	at org.eclipse.ant.internal.launching.remote.EclipseDefaultExecutor.executeTargets(EclipseDefaultExecutor.java:32)
	at org.eclipse.ant.internal.launching.remote.InternalAntRunner.run(InternalAntRunner.java:424)
	at org.eclipse.ant.internal.launching.remote.InternalAntRunner.main(InternalAntRunner.java:138)
</error>
  <system-out><![CDATA[]]></system-out>
  <system-err><![CDATA[]]></system-err>
</testsuite>
